[23:43:25] [main/INFO]: Loaded 0 recipes
[23:43:25] [Server thread/INFO]: Starting minecraft server version 1.13.2
[23:43:25] [Server thread/INFO]: Loading properties
[23:43:25] [Server thread/INFO]: Default game type: SURVIVAL
[23:43:25] [Server thread/INFO]: This server is running Akarin version git-Akarin-"8ddafae" (MC: 1.13.2) (Implementing API version 1.13.2-R0.1-SNAPSHOT)
[23:43:25] [Server thread/INFO]: Debug logging is disabled
[23:43:25] [Server thread/INFO]: Server Ping Player Sample Count: 12
[23:43:25] [Server thread/INFO]: Using 4 threads for Netty based IO
[23:43:25] [Server thread/INFO]: Generating keypair
[23:43:26] [Server thread/INFO]: Starting Minecraft server on *:25565
[23:43:26] [Server thread/INFO]: Using default channel type
[23:43:26] [Server thread/INFO]: Server permissions file permissions.yml is empty, ignoring it
[23:43:26] [Server thread/INFO]: Preparing level "world"
[23:43:26] [Server thread/INFO]: Found new data pack file/bukkit, loading it automatically
[23:43:26] [Server thread/INFO]: Found new data pack vanilla, loading it automatically
[23:43:26] [Server thread/INFO]: Reloading ResourceManager: Default, bukkit
[23:43:28] [Server thread/INFO]: Loaded 524 recipes
[23:43:29] [Server thread/INFO]: -------- World Settings For [world] --------
[23:43:29] [Server thread/INFO]: Zombie Aggressive Towards Villager: true
[23:43:29] [Server thread/INFO]: Item Despawn Rate: 6000
[23:43:29] [Server thread/INFO]: Item Merge Radius: 2.5
[23:43:29] [Server thread/INFO]: View Distance: 10
[23:43:29] [Server thread/INFO]: Nerfing mobs spawned from spawners: false
[23:43:29] [Server thread/INFO]: Allow Zombie Pigmen to spawn from portal blocks: true
[23:43:29] [Server thread/INFO]: Arrow Despawn Rate: 1200
[23:43:29] [Server thread/INFO]: Hopper Transfer: 8 Hopper Check: 1 Hopper Amount: 1
[23:43:29] [Server thread/INFO]: Experience Merge Radius: 3.0
[23:43:29] [Server thread/INFO]: Mob Spawn Range: 8
[23:43:29] [Server thread/INFO]: Cactus Growth Modifier: 100%
[23:43:29] [Server thread/INFO]: Cane Growth Modifier: 100%
[23:43:29] [Server thread/INFO]: Melon Growth Modifier: 100%
[23:43:29] [Server thread/INFO]: Mushroom Growth Modifier: 100%
[23:43:29] [Server thread/INFO]: Pumpkin Growth Modifier: 100%
[23:43:29] [Server thread/INFO]: Sapling Growth Modifier: 100%
[23:43:29] [Server thread/INFO]: Beetroot Growth Modifier: 100%
[23:43:29] [Server thread/INFO]: Carrot Growth Modifier: 100%
[23:43:29] [Server thread/INFO]: Potato Growth Modifier: 100%
[23:43:29] [Server thread/INFO]: Wheat Growth Modifier: 100%
[23:43:29] [Server thread/INFO]: NetherWart Growth Modifier: 100%
[23:43:29] [Server thread/INFO]: Vine Growth Modifier: 100%
[23:43:29] [Server thread/INFO]: Cocoa Growth Modifier: 100%
[23:43:29] [Server thread/INFO]: Entity Activation Range: An 32 / Mo 32 / Mi 16 / Tiv true
[23:43:29] [Server thread/INFO]: Entity Tracking Range: Pl 48 / An 48 / Mo 48 / Mi 32 / Other 64
[23:43:29] [Server thread/INFO]: Random Lighting Updates: false
[23:43:29] [Server thread/INFO]: Custom Map Seeds:  Village: 10387312 Desert: 14357617 Igloo: 14357618 Jungle: 14357619 Swamp: 14357620 Monument: 10387313Ocean: 14357621 Shipwreck: 165745295 Slime: 987234911
[23:43:29] [Server thread/INFO]: Max TNT Explosions: 100
[23:43:29] [Server thread/INFO]: Tile Max Tick Time: 50ms Entity max Tick Time: 50ms
[23:43:38] [Server thread/INFO]: -------- World Settings For [world_nether] --------
[23:43:38] [Server thread/INFO]: Zombie Aggressive Towards Villager: true
[23:43:38] [Server thread/INFO]: Item Despawn Rate: 6000
[23:43:38] [Server thread/INFO]: Item Merge Radius: 2.5
[23:43:38] [Server thread/INFO]: View Distance: 10
[23:43:38] [Server thread/INFO]: Nerfing mobs spawned from spawners: false
[23:43:38] [Server thread/INFO]: Allow Zombie Pigmen to spawn from portal blocks: true
[23:43:38] [Server thread/INFO]: Arrow Despawn Rate: 1200
[23:43:38] [Server thread/INFO]: Hopper Transfer: 8 Hopper Check: 1 Hopper Amount: 1
[23:43:38] [Server thread/INFO]: Experience Merge Radius: 3.0
[23:43:38] [Server thread/INFO]: Mob Spawn Range: 8
[23:43:38] [Server thread/INFO]: Cactus Growth Modifier: 100%
[23:43:38] [Server thread/INFO]: Cane Growth Modifier: 100%
[23:43:38] [Server thread/INFO]: Melon Growth Modifier: 100%
[23:43:38] [Server thread/INFO]: Mushroom Growth Modifier: 100%
[23:43:38] [Server thread/INFO]: Pumpkin Growth Modifier: 100%
[23:43:38] [Server thread/INFO]: Sapling Growth Modifier: 100%
[23:43:38] [Server thread/INFO]: Beetroot Growth Modifier: 100%
[23:43:38] [Server thread/INFO]: Carrot Growth Modifier: 100%
[23:43:38] [Server thread/INFO]: Potato Growth Modifier: 100%
[23:43:38] [Server thread/INFO]: Wheat Growth Modifier: 100%
[23:43:38] [Server thread/INFO]: NetherWart Growth Modifier: 100%
[23:43:38] [Server thread/INFO]: Vine Growth Modifier: 100%
[23:43:38] [Server thread/INFO]: Cocoa Growth Modifier: 100%
[23:43:38] [Server thread/INFO]: Entity Activation Range: An 32 / Mo 32 / Mi 16 / Tiv true
[23:43:38] [Server thread/INFO]: Entity Tracking Range: Pl 48 / An 48 / Mo 48 / Mi 32 / Other 64
[23:43:38] [Server thread/INFO]: Random Lighting Updates: false
[23:43:38] [Server thread/INFO]: Custom Map Seeds:  Village: 10387312 Desert: 14357617 Igloo: 14357618 Jungle: 14357619 Swamp: 14357620 Monument: 10387313Ocean: 14357621 Shipwreck: 165745295 Slime: 987234911
[23:43:38] [Server thread/INFO]: Max TNT Explosions: 100
[23:43:38] [Server thread/INFO]: Tile Max Tick Time: 50ms Entity max Tick Time: 50ms
[23:43:38] [Server thread/INFO]: -------- World Settings For [world_the_end] --------
[23:43:38] [Server thread/INFO]: Zombie Aggressive Towards Villager: true
[23:43:38] [Server thread/INFO]: Item Despawn Rate: 6000
[23:43:38] [Server thread/INFO]: Item Merge Radius: 2.5
[23:43:38] [Server thread/INFO]: View Distance: 10
[23:43:38] [Server thread/INFO]: Nerfing mobs spawned from spawners: false
[23:43:38] [Server thread/INFO]: Allow Zombie Pigmen to spawn from portal blocks: true
[23:43:38] [Server thread/INFO]: Arrow Despawn Rate: 1200
[23:43:38] [Server thread/INFO]: Hopper Transfer: 8 Hopper Check: 1 Hopper Amount: 1
[23:43:38] [Server thread/INFO]: Experience Merge Radius: 3.0
[23:43:38] [Server thread/INFO]: Mob Spawn Range: 8
[23:43:38] [Server thread/INFO]: Cactus Growth Modifier: 100%
[23:43:38] [Server thread/INFO]: Cane Growth Modifier: 100%
[23:43:38] [Server thread/INFO]: Melon Growth Modifier: 100%
[23:43:38] [Server thread/INFO]: Mushroom Growth Modifier: 100%
[23:43:38] [Server thread/INFO]: Pumpkin Growth Modifier: 100%
[23:43:38] [Server thread/INFO]: Sapling Growth Modifier: 100%
[23:43:38] [Server thread/INFO]: Beetroot Growth Modifier: 100%
[23:43:38] [Server thread/INFO]: Carrot Growth Modifier: 100%
[23:43:38] [Server thread/INFO]: Potato Growth Modifier: 100%
[23:43:38] [Server thread/INFO]: Wheat Growth Modifier: 100%
[23:43:38] [Server thread/INFO]: NetherWart Growth Modifier: 100%
[23:43:38] [Server thread/INFO]: Vine Growth Modifier: 100%
[23:43:38] [Server thread/INFO]: Cocoa Growth Modifier: 100%
[23:43:38] [Server thread/INFO]: Entity Activation Range: An 32 / Mo 32 / Mi 16 / Tiv true
[23:43:38] [Server thread/INFO]: Entity Tracking Range: Pl 48 / An 48 / Mo 48 / Mi 32 / Other 64
[23:43:38] [Server thread/INFO]: Random Lighting Updates: false
[23:43:38] [Server thread/INFO]: Custom Map Seeds:  Village: 10387312 Desert: 14357617 Igloo: 14357618 Jungle: 14357619 Swamp: 14357620 Monument: 10387313Ocean: 14357621 Shipwreck: 165745295 Slime: 987234911
[23:43:38] [Server thread/INFO]: Max TNT Explosions: 100
[23:43:38] [Server thread/INFO]: Tile Max Tick Time: 50ms Entity max Tick Time: 50ms
[23:43:38] [Server thread/INFO]: Preparing start region for level minecraft:overworld (Seed: 5397332067307000012)
[23:43:39] [Server thread/INFO]: Preparing start region for level minecraft:the_nether (Seed: 5397332067307000012)
[23:43:39] [Server thread/INFO]: Preparing start region for level minecraft:the_end (Seed: 5397332067307000012)
[23:43:39] [Server thread/INFO]: Time elapsed: 49 ms
[23:43:39] [Server thread/INFO]: Done (12.449s)! For help, type "help"
[23:43:39] [Server thread/INFO]: Timings Reset
[23:43:48] [Server thread/INFO]: Unknown command. Type "/help" for help.
[23:43:50] [Server thread/INFO]: There are 0 of a max 20 players online: 
[23:43:54] [Server thread/INFO]: Stopping the server
[23:43:54] [Server thread/INFO]: Stopping server
[23:43:54] [Server thread/INFO]: Saving players
[23:43:54] [Server thread/INFO]: Saving worlds
[23:43:54] [Server thread/INFO]: Saving chunks for level 'world'/minecraft:overworld
[23:43:54] [Server thread/INFO]: Saving chunks for level 'world_nether'/minecraft:the_nether
[23:43:54] [Server thread/INFO]: Saving chunks for level 'world_the_end'/minecraft:the_end
